<?xml version="1.0" encoding="UTF-8"?>
<!-- Generated by org.testng.reporters.JUnitReportReporter -->
<testsuite hostname="DESKTOP-1IUEK3T" failures="0" tests="2" name="TestNG.SkipTests" time="0.019" errors="0" timestamp="2024-03-13T19:56:30 IST" skipped="2">
  <testcase classname="TestNG.SkipTests" name="SkipTest2" time="0.019">
    <skipped/>
  </testcase> <!-- SkipTest2 -->
  <testcase classname="TestNG.SkipTests" name="SkipTest1">
    <skipped/>
  </testcase> <!-- SkipTest1 -->
</testsuite> <!-- TestNG.SkipTests -->
