<?xml version="1.0" encoding="UTF-8"?>
<!-- Generated by org.testng.reporters.JUnitReportReporter -->
<testsuite hostname="DESKTOP-1IUEK3T" failures="0" tests="1" name="Day1.Test_Automation" time="0.407" errors="0" timestamp="2024-03-13T16:26:03 IST" skipped="0">
  <testcase classname="Day1.Test_Automation" name="Home_Page" time="0.407"/>
</testsuite> <!-- Day1.Test_Automation -->
