<?xml version="1.0" encoding="UTF-8"?>
<!-- Generated by org.testng.reporters.JUnitReportReporter -->
<testsuite hostname="DESKTOP-1IUEK3T" failures="0" tests="4" name="TestNG.DataProviderDemo" time="0.032" errors="0" timestamp="2024-03-13T20:11:44 IST" skipped="0">
  <testcase classname="TestNG.DataProviderDemo" name="test" time="0.006"/>
  <testcase classname="TestNG.DataProviderDemo" name="test" time="0.005"/>
  <testcase classname="TestNG.DataProviderDemo" name="test" time="0.017"/>
  <testcase classname="TestNG.DataProviderDemo" name="test" time="0.004"/>
</testsuite> <!-- TestNG.DataProviderDemo -->
