<?xml version="1.0" encoding="UTF-8"?>
<!-- Generated by org.testng.reporters.JUnitReportReporter -->
<testsuite hostname="DESKTOP-1IUEK3T" failures="0" tests="2" name="TestNG.LoginTest" time="0.022" errors="0" timestamp="2024-03-13T16:24:56 IST" skipped="0">
  <testcase classname="TestNG.LoginTest" name="Registraion" time="0.015"/>
  <testcase classname="TestNG.LoginTest" name="loginTest" time="0.007"/>
</testsuite> <!-- TestNG.LoginTest -->
